c:\users\joss\desktop\lastresort_v02\debug\vc140.pdb
c:\users\joss\desktop\lastresort_v02\debug\vc140.idb
c:\users\joss\desktop\lastresort_v02\debug\application.obj
c:\users\joss\desktop\lastresort_v02\debug\globals.obj
c:\users\joss\desktop\lastresort_v02\debug\main.obj
c:\users\joss\desktop\lastresort_v02\debug\modulebackground.obj
c:\users\joss\desktop\lastresort_v02\debug\moduleinput.obj
c:\users\joss\desktop\lastresort_v02\debug\moduleplayer.obj
c:\users\joss\desktop\lastresort_v02\debug\modulerender.obj
c:\users\joss\desktop\lastresort_v02\debug\moduletextures.obj
c:\users\joss\desktop\lastresort_v02\debug\modulewindow.obj
c:\users\joss\desktop\lastresort_v02\debug\sdl4 handout.ilk
c:\users\joss\desktop\lastresort_v02\debug\sdl4 handout.exe
c:\users\joss\desktop\lastresort_v02\debug\sdl4 handout.pdb
c:\users\joss\desktop\lastresort_v02\debug\modulebackground.obj.enc
c:\users\joss\desktop\lastresort_v02\debug\moduleplayer.obj.enc
c:\users\joss\desktop\lastresort_v02\debug\sdl4 handout.tlog\cl.command.1.tlog
c:\users\joss\desktop\lastresort_v02\debug\sdl4 handout.tlog\cl.read.1.tlog
c:\users\joss\desktop\lastresort_v02\debug\sdl4 handout.tlog\cl.write.1.tlog
c:\users\joss\desktop\lastresort_v02\debug\sdl4 handout.tlog\link.command.1.tlog
c:\users\joss\desktop\lastresort_v02\debug\sdl4 handout.tlog\link.read.1.tlog
c:\users\joss\desktop\lastresort_v02\debug\sdl4 handout.tlog\link.write.1.tlog
